This file contains any messages produced by compilers while
running configure, to aid debugging if configure makes a mistake.

It was created by Mini-XML configure 2.10, which was
generated by GNU Autoconf 2.69.  Invocation command line was

  $ ./configure --disable-shared --enable-threads --no-create --no-recursion

## --------- ##
## Platform. ##
## --------- ##

hostname = raspberrypi
uname -m = armv7l
uname -r = 5.10.17-v7l+
uname -s = Linux
uname -v = #1421 SMP Thu May 27 14:00:13 BST 2021

/usr/bin/uname -p = unknown
/bin/uname -X     = unknown

/bin/arch              = armv7l
/usr/bin/arch -k       = unknown
/usr/convex/getsysinfo = unknown
/usr/bin/hostinfo      = unknown
/bin/machine           = unknown
/usr/bin/oslevel       = unknown
/bin/universe          = unknown

PATH: /usr/local/sbin
PATH: /usr/local/bin
PATH: /usr/sbin
PATH: /usr/bin
PATH: /sbin
PATH: /bin
PATH: /usr/local/games
PATH: /usr/games


## ----------- ##
## Core tests. ##
## ----------- ##

configure:2291: checking for gcc
configure:2307: found /usr/bin/gcc
configure:2318: result: gcc
configure:2547: checking for C compiler version
configure:2556: gcc --version >&5
gcc (Raspbian 8.3.0-6+rpi1) 8.3.0
Copyright (C) 2018 Free Software Foundation, Inc.
This is free software; see the source for copying conditions.  There is NO
warranty; not even for MERCHANTABILITY or FITNESS FOR A PARTICULAR PURPOSE.

configure:2567: $? = 0
configure:2556: gcc -v >&5
Using built-in specs.
COLLECT_GCC=gcc
COLLECT_LTO_WRAPPER=/usr/lib/gcc/arm-linux-gnueabihf/8/lto-wrapper
Target: arm-linux-gnueabihf
Configured with: ../src/configure -v --with-pkgversion='Raspbian 8.3.0-6+rpi1' --with-bugurl=file:///usr/share/doc/gcc-8/README.Bugs --enable-languages=c,ada,c++,go,d,fortran,objc,obj-c++ --prefix=/usr --with-gcc-major-version-only --program-suffix=-8 --program-prefix=arm-linux-gnueabihf- --enable-shared --enable-linker-build-id --libexecdir=/usr/lib --without-included-gettext --enable-threads=posix --libdir=/usr/lib --enable-nls --enable-bootstrap --enable-clocale=gnu --enable-libstdcxx-debug --enable-libstdcxx-time=yes --with-default-libstdcxx-abi=new --enable-gnu-unique-object --disable-libitm --disable-libquadmath --disable-libquadmath-support --enable-plugin --with-system-zlib --with-target-system-zlib --enable-objc-gc=auto --enable-multiarch --disable-sjlj-exceptions --with-arch=armv6 --with-fpu=vfp --with-float=hard --disable-werror --enable-checking=release --build=arm-linux-gnueabihf --host=arm-linux-gnueabihf --target=arm-linux-gnueabihf
Thread model: posix
gcc version 8.3.0 (Raspbian 8.3.0-6+rpi1) 
configure:2567: $? = 0
configure:2556: gcc -V >&5
gcc: error: unrecognized command line option '-V'
gcc: fatal error: no input files
compilation terminated.
configure:2567: $? = 1
configure:2556: gcc -qversion >&5
gcc: error: unrecognized command line option '-qversion'; did you mean '--version'?
gcc: fatal error: no input files
compilation terminated.
configure:2567: $? = 1
configure:2587: checking whether the C compiler works
configure:2609: gcc    conftest.c  >&5
configure:2613: $? = 0
configure:2661: result: yes
configure:2664: checking for C compiler default output file name
configure:2666: result: a.out
configure:2672: checking for suffix of executables
configure:2679: gcc -o conftest    conftest.c  >&5
configure:2683: $? = 0
configure:2705: result: 
configure:2727: checking whether we are cross compiling
configure:2735: gcc -o conftest    conftest.c  >&5
configure:2739: $? = 0
configure:2746: ./conftest
configure:2750: $? = 0
configure:2738: result: no
configure:2743: checking for suffix of object files
configure:2765: gcc -c   conftest.c >&5
configure:2769: $? = 0
configure:2790: result: o
configure:2794: checking whether we are using the GNU C compiler
configure:2813: gcc -c   conftest.c >&5
configure:2813: $? = 0
configure:2822: result: yes
configure:2831: checking whether gcc accepts -g
configure:2851: gcc -c -g  conftest.c >&5
configure:2851: $? = 0
configure:2892: result: yes
configure:2909: checking for gcc option to accept ISO C89
configure:2972: gcc  -c   conftest.c >&5
configure:2972: $? = 0
configure:2985: result: none needed
configure:3063: checking for g++
configure:3079: found /usr/bin/g++
configure:3090: result: g++
configure:3117: checking for C++ compiler version
configure:3126: g++ --version >&5
g++ (Raspbian 8.3.0-6+rpi1) 8.3.0
Copyright (C) 2018 Free Software Foundation, Inc.
This is free software; see the source for copying conditions.  There is NO
warranty; not even for MERCHANTABILITY or FITNESS FOR A PARTICULAR PURPOSE.

configure:3137: $? = 0
configure:3126: g++ -v >&5
Using built-in specs.
COLLECT_GCC=g++
COLLECT_LTO_WRAPPER=/usr/lib/gcc/arm-linux-gnueabihf/8/lto-wrapper
Target: arm-linux-gnueabihf
Configured with: ../src/configure -v --with-pkgversion='Raspbian 8.3.0-6+rpi1' --with-bugurl=file:///usr/share/doc/gcc-8/README.Bugs --enable-languages=c,ada,c++,go,d,fortran,objc,obj-c++ --prefix=/usr --with-gcc-major-version-only --program-suffix=-8 --program-prefix=arm-linux-gnueabihf- --enable-shared --enable-linker-build-id --libexecdir=/usr/lib --without-included-gettext --enable-threads=posix --libdir=/usr/lib --enable-nls --enable-bootstrap --enable-clocale=gnu --enable-libstdcxx-debug --enable-libstdcxx-time=yes --with-default-libstdcxx-abi=new --enable-gnu-unique-object --disable-libitm --disable-libquadmath --disable-libquadmath-support --enable-plugin --with-system-zlib --with-target-system-zlib --enable-objc-gc=auto --enable-multiarch --disable-sjlj-exceptions --with-arch=armv6 --with-fpu=vfp --with-float=hard --disable-werror --enable-checking=release --build=arm-linux-gnueabihf --host=arm-linux-gnueabihf --target=arm-linux-gnueabihf
Thread model: posix
gcc version 8.3.0 (Raspbian 8.3.0-6+rpi1) 
configure:3137: $? = 0
configure:3126: g++ -V >&5
g++: error: unrecognized command line option '-V'
g++: fatal error: no input files
compilation terminated.
configure:3137: $? = 1
configure:3126: g++ -qversion >&5
g++: error: unrecognized command line option '-qversion'; did you mean '--version'?
g++: fatal error: no input files
compilation terminated.
configure:3137: $? = 1
configure:3141: checking whether we are using the GNU C++ compiler
configure:3160: g++ -c   conftest.cpp >&5
configure:3160: $? = 0
configure:3169: result: yes
configure:3178: checking whether g++ accepts -g
configure:3198: g++ -c -g  conftest.cpp >&5
configure:3198: $? = 0
configure:3239: result: yes
configure:3305: checking for a BSD-compatible install
configure:3373: result: /usr/bin/install -c
configure:3431: checking for ranlib
configure:3447: found /usr/bin/ranlib
configure:3458: result: ranlib
configure:3482: checking for ar
configure:3500: found /usr/bin/ar
configure:3512: result: /usr/bin/ar
configure:3522: checking for cp
configure:3540: found /usr/bin/cp
configure:3552: result: /usr/bin/cp
configure:3562: checking for ln
configure:3580: found /usr/bin/ln
configure:3592: result: /usr/bin/ln
configure:3602: checking for mkdir
configure:3620: found /usr/bin/mkdir
configure:3632: result: /usr/bin/mkdir
configure:3642: checking for rm
configure:3660: found /usr/bin/rm
configure:3672: result: /usr/bin/rm
configure:3693: checking for inline
configure:3709: gcc -c   conftest.c >&5
configure:3709: $? = 0
configure:3717: result: inline
configure:3739: checking for strdup
configure:3739: gcc -o conftest    conftest.c  >&5
conftest.c:33:6: warning: conflicting types for built-in function 'strdup' [-Wbuiltin-declaration-mismatch]
 char strdup ();
      ^~~~~~
configure:3739: $? = 0
configure:3739: result: yes
configure:3754: checking for snprintf
configure:3754: gcc -o conftest    conftest.c  >&5
conftest.c:34:6: warning: conflicting types for built-in function 'snprintf' [-Wbuiltin-declaration-mismatch]
 char snprintf ();
      ^~~~~~~~
configure:3754: $? = 0
configure:3754: result: yes
configure:3754: checking for vsnprintf
configure:3754: gcc -o conftest    conftest.c  >&5
conftest.c:35:6: warning: conflicting types for built-in function 'vsnprintf' [-Wbuiltin-declaration-mismatch]
 char vsnprintf ();
      ^~~~~~~~~
configure:3754: $? = 0
configure:3754: result: yes
configure:3765: checking for long long int
configure:3792: result: yes
configure:3816: checking how to run the C preprocessor
configure:3847: gcc -E  conftest.c
configure:3847: $? = 0
configure:3861: gcc -E  conftest.c
conftest.c:14:10: fatal error: ac_nonexistent.h: No such file or directory
 #include <ac_nonexistent.h>
          ^~~~~~~~~~~~~~~~~~
compilation terminated.
configure:3861: $? = 1
configure: failed program was:
| /* confdefs.h */
| #define PACKAGE_NAME "Mini-XML"
| #define PACKAGE_TARNAME "mxml"
| #define PACKAGE_VERSION "2.10"
| #define PACKAGE_STRING "Mini-XML 2.10"
| #define PACKAGE_BUGREPORT "http://www.msweet.org/bugs.php/Mini-XML"
| #define PACKAGE_URL "http://www.msweet.org/projects.php/Mini-XML"
| #define MXML_VERSION "Mini-XML v2.10"
| #define HAVE_STRDUP 1
| #define HAVE_SNPRINTF 1
| #define HAVE_VSNPRINTF 1
| #define HAVE_LONG_LONG 1
| /* end confdefs.h.  */
| #include <ac_nonexistent.h>
configure:3886: result: gcc -E
configure:3906: gcc -E  conftest.c
configure:3906: $? = 0
configure:3920: gcc -E  conftest.c
conftest.c:14:10: fatal error: ac_nonexistent.h: No such file or directory
 #include <ac_nonexistent.h>
          ^~~~~~~~~~~~~~~~~~
compilation terminated.
configure:3920: $? = 1
configure: failed program was:
| /* confdefs.h */
| #define PACKAGE_NAME "Mini-XML"
| #define PACKAGE_TARNAME "mxml"
| #define PACKAGE_VERSION "2.10"
| #define PACKAGE_STRING "Mini-XML 2.10"
| #define PACKAGE_BUGREPORT "http://www.msweet.org/bugs.php/Mini-XML"
| #define PACKAGE_URL "http://www.msweet.org/projects.php/Mini-XML"
| #define MXML_VERSION "Mini-XML v2.10"
| #define HAVE_STRDUP 1
| #define HAVE_SNPRINTF 1
| #define HAVE_VSNPRINTF 1
| #define HAVE_LONG_LONG 1
| /* end confdefs.h.  */
| #include <ac_nonexistent.h>
configure:3949: checking for grep that handles long lines and -e
configure:4007: result: /usr/bin/grep
configure:4012: checking for egrep
configure:4074: result: /usr/bin/grep -E
configure:4079: checking for ANSI C header files
configure:4099: gcc -c   conftest.c >&5
configure:4099: $? = 0
configure:4172: gcc -o conftest    conftest.c  >&5
configure:4172: $? = 0
configure:4172: ./conftest
configure:4172: $? = 0
configure:4183: result: yes
configure:4196: checking for sys/types.h
configure:4196: gcc -c   conftest.c >&5
configure:4196: $? = 0
configure:4196: result: yes
configure:4196: checking for sys/stat.h
configure:4196: gcc -c   conftest.c >&5
configure:4196: $? = 0
configure:4196: result: yes
configure:4196: checking for stdlib.h
configure:4196: gcc -c   conftest.c >&5
configure:4196: $? = 0
configure:4196: result: yes
configure:4196: checking for string.h
configure:4196: gcc -c   conftest.c >&5
configure:4196: $? = 0
configure:4196: result: yes
configure:4196: checking for memory.h
configure:4196: gcc -c   conftest.c >&5
configure:4196: $? = 0
configure:4196: result: yes
configure:4196: checking for strings.h
configure:4196: gcc -c   conftest.c >&5
configure:4196: $? = 0
configure:4196: result: yes
configure:4196: checking for inttypes.h
configure:4196: gcc -c   conftest.c >&5
configure:4196: $? = 0
configure:4196: result: yes
configure:4196: checking for stdint.h
configure:4196: gcc -c   conftest.c >&5
configure:4196: $? = 0
configure:4196: result: yes
configure:4196: checking for unistd.h
configure:4196: gcc -c   conftest.c >&5
configure:4196: $? = 0
configure:4196: result: yes
configure:4208: checking pthread.h usability
configure:4208: gcc -c   conftest.c >&5
configure:4208: $? = 0
configure:4208: result: yes
configure:4208: checking pthread.h presence
configure:4208: gcc -E  conftest.c
configure:4208: $? = 0
configure:4208: result: yes
configure:4208: checking for pthread.h
configure:4208: result: yes
configure:4218: checking for pthread_create using -lpthreads
configure:4233: gcc -o conftest    conftest.c -lpthreads  >&5
/usr/bin/ld: cannot find -lpthreads
collect2: error: ld returned 1 exit status
configure:4233: $? = 1
configure: failed program was:
| /* confdefs.h */
| #define PACKAGE_NAME "Mini-XML"
| #define PACKAGE_TARNAME "mxml"
| #define PACKAGE_VERSION "2.10"
| #define PACKAGE_STRING "Mini-XML 2.10"
| #define PACKAGE_BUGREPORT "http://www.msweet.org/bugs.php/Mini-XML"
| #define PACKAGE_URL "http://www.msweet.org/projects.php/Mini-XML"
| #define MXML_VERSION "Mini-XML v2.10"
| #define HAVE_STRDUP 1
| #define HAVE_SNPRINTF 1
| #define HAVE_VSNPRINTF 1
| #define HAVE_LONG_LONG 1
| #define STDC_HEADERS 1
| #define HAVE_SYS_TYPES_H 1
| #define HAVE_SYS_STAT_H 1
| #define HAVE_STDLIB_H 1
| #define HAVE_STRING_H 1
| #define HAVE_MEMORY_H 1
| #define HAVE_STRINGS_H 1
| #define HAVE_INTTYPES_H 1
| #define HAVE_STDINT_H 1
| #define HAVE_UNISTD_H 1
| #define HAVE_PTHREAD_H 1
| /* end confdefs.h.  */
| #include <pthread.h>
| int
| main ()
| {
| pthread_create(0, 0, 0, 0);
|   ;
|   return 0;
| }
configure:4238: result: no
configure:4218: checking for pthread_create using -lpthread
configure:4233: gcc -o conftest    conftest.c -lpthread  >&5
configure:4233: $? = 0
configure:4238: result: yes
configure:4546: creating ./config.status

## ---------------- ##
## Cache variables. ##
## ---------------- ##

ac_cv_c_compiler_gnu=yes
ac_cv_c_inline=inline
ac_cv_c_long_long=yes
ac_cv_cxx_compiler_gnu=yes
ac_cv_env_CCC_set=
ac_cv_env_CCC_value=
ac_cv_env_CC_set=
ac_cv_env_CC_value=
ac_cv_env_CFLAGS_set=
ac_cv_env_CFLAGS_value=
ac_cv_env_CPPFLAGS_set=
ac_cv_env_CPPFLAGS_value=
ac_cv_env_CPP_set=
ac_cv_env_CPP_value=
ac_cv_env_CXXFLAGS_set=
ac_cv_env_CXXFLAGS_value=
ac_cv_env_CXX_set=
ac_cv_env_CXX_value=
ac_cv_env_LDFLAGS_set=
ac_cv_env_LDFLAGS_value=
ac_cv_env_LIBS_set=
ac_cv_env_LIBS_value=
ac_cv_env_build_alias_set=
ac_cv_env_build_alias_value=
ac_cv_env_host_alias_set=
ac_cv_env_host_alias_value=
ac_cv_env_target_alias_set=
ac_cv_env_target_alias_value=
ac_cv_func_snprintf=yes
ac_cv_func_strdup=yes
ac_cv_func_vsnprintf=yes
ac_cv_header_inttypes_h=yes
ac_cv_header_memory_h=yes
ac_cv_header_pthread_h=yes
ac_cv_header_stdc=yes
ac_cv_header_stdint_h=yes
ac_cv_header_stdlib_h=yes
ac_cv_header_string_h=yes
ac_cv_header_strings_h=yes
ac_cv_header_sys_stat_h=yes
ac_cv_header_sys_types_h=yes
ac_cv_header_unistd_h=yes
ac_cv_objext=o
ac_cv_path_AR=/usr/bin/ar
ac_cv_path_CP=/usr/bin/cp
ac_cv_path_EGREP='/usr/bin/grep -E'
ac_cv_path_GREP=/usr/bin/grep
ac_cv_path_LN=/usr/bin/ln
ac_cv_path_MKDIR=/usr/bin/mkdir
ac_cv_path_RM=/usr/bin/rm
ac_cv_path_install='/usr/bin/install -c'
ac_cv_prog_CPP='gcc -E'
ac_cv_prog_ac_ct_CC=gcc
ac_cv_prog_ac_ct_CXX=g++
ac_cv_prog_ac_ct_RANLIB=ranlib
ac_cv_prog_cc_c89=
ac_cv_prog_cc_g=yes
ac_cv_prog_cxx_g=yes

## ----------------- ##
## Output variables. ##
## ----------------- ##

AR='/usr/bin/ar'
ARCHFLAGS=''
ARFLAGS='crvs'
CC='gcc'
CFLAGS='-Wall '
CP='/usr/bin/cp'
CPP='gcc -E'
CPPFLAGS=''
CXX='g++'
CXXFLAGS=''
DEFS='-DHAVE_CONFIG_H'
DSO=':'
DSOFLAGS=''
ECHO_C=''
ECHO_N='-n'
ECHO_T=''
EGREP='/usr/bin/grep -E'
EXEEXT=''
GREP='/usr/bin/grep'
INSTALL_DATA='${INSTALL} -m 644'
INSTALL_PROGRAM='${INSTALL}'
INSTALL_SCRIPT='${INSTALL}'
LDFLAGS=''
LIBMXML='libmxml.a'
LIBOBJS=''
LIBS=''
LN='/usr/bin/ln'
LTLIBOBJS=''
MKDIR='/usr/bin/mkdir'
OBJEXT='o'
OPTIM='-Os -g'
PACKAGE_BUGREPORT='http://www.msweet.org/bugs.php/Mini-XML'
PACKAGE_NAME='Mini-XML'
PACKAGE_STRING='Mini-XML 2.10'
PACKAGE_TARNAME='mxml'
PACKAGE_URL='http://www.msweet.org/projects.php/Mini-XML'
PACKAGE_VERSION='2.10'
PATH_SEPARATOR=':'
PC_CFLAGS='-I${prefix}/include'
PC_LIBS='-L${exec_prefix}/lib -lmxml'
PICFLAG='0'
PTHREAD_FLAGS='-D_THREAD_SAFE -D_REENTRANT'
PTHREAD_LIBS='-lpthread'
RANLIB='ranlib'
RM='/usr/bin/rm'
SHELL='/bin/bash'
VERSION='2.10'
ac_ct_CC='gcc'
ac_ct_CXX='g++'
bindir='${exec_prefix}/bin'
build_alias=''
datadir='${datarootdir}'
datarootdir='${prefix}/share'
docdir='${datarootdir}/doc/mxml'
dvidir='${docdir}'
exec_prefix='/usr/local'
host_alias=''
htmldir='${docdir}'
includedir='${prefix}/include'
infodir='${datarootdir}/info'
libdir='${exec_prefix}/lib'
libexecdir='${exec_prefix}/libexec'
localedir='${datarootdir}/locale'
localstatedir='${prefix}/var'
mandir='${datarootdir}/man'
oldincludedir='/usr/include'
pdfdir='${docdir}'
prefix='/usr/local'
program_transform_name='s,x,x,'
psdir='${docdir}'
sbindir='${exec_prefix}/sbin'
sharedstatedir='${prefix}/com'
sysconfdir='${prefix}/etc'
target_alias=''

## ----------- ##
## confdefs.h. ##
## ----------- ##

/* confdefs.h */
#define PACKAGE_NAME "Mini-XML"
#define PACKAGE_TARNAME "mxml"
#define PACKAGE_VERSION "2.10"
#define PACKAGE_STRING "Mini-XML 2.10"
#define PACKAGE_BUGREPORT "http://www.msweet.org/bugs.php/Mini-XML"
#define PACKAGE_URL "http://www.msweet.org/projects.php/Mini-XML"
#define MXML_VERSION "Mini-XML v2.10"
#define HAVE_STRDUP 1
#define HAVE_SNPRINTF 1
#define HAVE_VSNPRINTF 1
#define HAVE_LONG_LONG 1
#define STDC_HEADERS 1
#define HAVE_SYS_TYPES_H 1
#define HAVE_SYS_STAT_H 1
#define HAVE_STDLIB_H 1
#define HAVE_STRING_H 1
#define HAVE_MEMORY_H 1
#define HAVE_STRINGS_H 1
#define HAVE_INTTYPES_H 1
#define HAVE_STDINT_H 1
#define HAVE_UNISTD_H 1
#define HAVE_PTHREAD_H 1

configure: exit 0

## ---------------------- ##
## Running config.status. ##
## ---------------------- ##

This file was extended by Mini-XML config.status 2.10, which was
generated by GNU Autoconf 2.69.  Invocation command line was

  CONFIG_FILES    = 
  CONFIG_HEADERS  = 
  CONFIG_LINKS    = 
  CONFIG_COMMANDS = 
  $ ./config.status 

on raspberrypi

config.status:827: creating Makefile
config.status:827: creating mxml.list
config.status:827: creating mxml.pc
config.status:827: creating config.h
config.status:1002: config.h is unchanged
